[2024-03-20 13:11:27,972][lightning_fabric.utilities.seed][INFO] - Seed set to 333
[2024-03-20 13:11:28,293][pytorch_lightning.utilities.rank_zero][INFO] - GPU available: True (cuda), used: True
[2024-03-20 13:11:28,319][pytorch_lightning.utilities.rank_zero][INFO] - TPU available: False, using: 0 TPU cores
[2024-03-20 13:11:28,319][pytorch_lightning.utilities.rank_zero][INFO] - IPU available: False, using: 0 IPUs
[2024-03-20 13:11:28,320][pytorch_lightning.utilities.rank_zero][INFO] - HPU available: False, using: 0 HPUs
[2024-03-20 13:12:20,400][pytorch_lightning.accelerators.cuda][INFO] - LOCAL_RANK: 0 - CUDA_VISIBLE_DEVICES: [1]
[2024-03-20 13:12:20,402][pytorch_lightning.callbacks.model_summary][INFO] - 
  | Name               | Type              | Params
---------------------------------------------------------
0 | acoustic_predictor | AcousticPredictor | 171 K 
1 | encoder            | Sequential        | 86.2 K
2 | decoder            | Sequential        | 32.3 K
---------------------------------------------------------
290 K     Trainable params
0         Non-trainable params
290 K     Total params
1.161     Total estimated model params size (MB)
[2024-03-20 15:36:46,050][pytorch_lightning.utilities.rank_zero][INFO] - `Trainer.fit` stopped: `max_epochs=1000` reached.
[2024-03-20 15:36:46,162][pytorch_lightning.utilities.rank_zero][INFO] - Restoring states from the checkpoint path at /homes/o23gauvr/Documents/thèse/code/FASCINATION/outputs/2024-03-20/13-11-25/AE_without_AP_training/4_15/checkpoints/val_loss=0.18-epoch=347.ckpt
[2024-03-20 15:36:46,470][pytorch_lightning.accelerators.cuda][INFO] - LOCAL_RANK: 0 - CUDA_VISIBLE_DEVICES: [1]
[2024-03-20 15:36:46,476][pytorch_lightning.utilities.rank_zero][INFO] - Loaded model weights from the checkpoint at /homes/o23gauvr/Documents/thèse/code/FASCINATION/outputs/2024-03-20/13-11-25/AE_without_AP_training/4_15/checkpoints/val_loss=0.18-epoch=347.ckpt
