=====================================================================================================================================================================
Layer (type:depth-idx)                   Input Shape               Output Shape              Param #                   Param %                   Mult-Adds
=====================================================================================================================================================================
AutoEncoder                              [365, 107, 220, 180]      [365, 107, 220, 180]      --                             --                   --
├─Sequential: 1-1                        [365, 107, 220, 180]      [365, 4, 220, 180]        --                             --                   --
│    └─Conv2d: 2-1                       [365, 107, 220, 180]      [365, 4, 220, 180]        432                        44.67%                   6,244,128,000
├─Sequential: 1-2                        [365, 4, 220, 180]        [365, 107, 220, 180]      --                             --                   --
│    └─ConvTranspose2d: 2-2              [365, 4, 220, 180]        [365, 107, 220, 180]      535                        55.33%                   7,732,890,000
│    └─ReLU: 2-3                         [365, 107, 220, 180]      [365, 107, 220, 180]      --                             --                   --
=====================================================================================================================================================================
Total params: 967
Trainable params: 967
Non-trainable params: 0
Total mult-adds (Units.GIGABYTES): 13.98
=====================================================================================================================================================================
Input size (MB): 6186.31
Forward/backward pass size (MB): 12835.15
Params size (MB): 0.00
Estimated Total Size (MB): 19021.47
=====================================================================================================================================================================