[2024-02-20 18:07:08,421][lightning_fabric.utilities.seed][INFO] - Seed set to 333
[2024-02-20 18:07:08,656][pytorch_lightning.utilities.rank_zero][INFO] - GPU available: True (cuda), used: True
[2024-02-20 18:07:08,681][pytorch_lightning.utilities.rank_zero][INFO] - TPU available: False, using: 0 TPU cores
[2024-02-20 18:07:08,681][pytorch_lightning.utilities.rank_zero][INFO] - IPU available: False, using: 0 IPUs
[2024-02-20 18:07:08,682][pytorch_lightning.utilities.rank_zero][INFO] - HPU available: False, using: 0 HPUs
[2024-02-20 18:08:10,974][pytorch_lightning.accelerators.cuda][INFO] - LOCAL_RANK: 0 - CUDA_VISIBLE_DEVICES: [0]
[2024-02-20 18:08:10,977][pytorch_lightning.callbacks.model_summary][INFO] - 
  | Name               | Type              | Params
---------------------------------------------------------
0 | acoustic_predictor | AcousticPredictor | 171 K 
1 | encoder            | Sequential        | 61.7 K
2 | decoder            | Sequential        | 27.5 K
---------------------------------------------------------
260 K     Trainable params
0         Non-trainable params
260 K     Total params
1.044     Total estimated model params size (MB)
[2024-02-20 18:08:23,093][pytorch_lightning.utilities.rank_zero][INFO] - `Trainer.fit` stopped: `max_epochs=2` reached.
[2024-02-20 18:08:23,515][pytorch_lightning.utilities.rank_zero][INFO] - Restoring states from the checkpoint path at /homes/o23gauvr/Documents/thèse/code/FASCINATION/outputs/2024-02-20/18-07-04/AE_with_AP_training/32_120/checkpoints/val_loss=0.09-epoch=01.ckpt
[2024-02-20 18:08:23,531][pytorch_lightning.accelerators.cuda][INFO] - LOCAL_RANK: 0 - CUDA_VISIBLE_DEVICES: [0]
[2024-02-20 18:08:23,541][pytorch_lightning.utilities.rank_zero][INFO] - Loaded model weights from the checkpoint at /homes/o23gauvr/Documents/thèse/code/FASCINATION/outputs/2024-02-20/18-07-04/AE_with_AP_training/32_120/checkpoints/val_loss=0.09-epoch=01.ckpt
