[2024-01-31 13:52:41,849][torch.distributed.nn.jit.instantiator][INFO] - Created a temporary directory at /tmp/tmphiu4kfpj
[2024-01-31 13:52:41,850][torch.distributed.nn.jit.instantiator][INFO] - Writing /tmp/tmphiu4kfpj/_remote_module_non_scriptable.py
[2024-01-31 13:52:42,279][lightning_lite.utilities.seed][INFO] - Global seed set to 333
[2024-01-31 13:52:42,378][pytorch_lightning.utilities.rank_zero][INFO] - GPU available: True (cuda), used: True
[2024-01-31 13:52:42,473][pytorch_lightning.utilities.rank_zero][INFO] - TPU available: False, using: 0 TPU cores
[2024-01-31 13:52:42,473][pytorch_lightning.utilities.rank_zero][INFO] - IPU available: False, using: 0 IPUs
[2024-01-31 13:52:42,473][pytorch_lightning.utilities.rank_zero][INFO] - HPU available: False, using: 0 HPUs
[2024-01-31 13:56:34,803][pytorch_lightning.accelerators.cuda][INFO] - LOCAL_RANK: 0 - CUDA_VISIBLE_DEVICES: [0,1,2]
[2024-01-31 13:56:34,806][pytorch_lightning.callbacks.model_summary][INFO] - 
  | Name               | Type              | Params
---------------------------------------------------------
0 | acoustic_predictor | AcousticPredictor | 171 K 
1 | encoder            | Sequential        | 84.8 K
2 | decoder            | Sequential        | 31.7 K
---------------------------------------------------------
288 K     Trainable params
0         Non-trainable params
288 K     Total params
1.153     Total estimated model params size (MB)
[2024-01-31 16:15:50,208][pytorch_lightning.utilities.rank_zero][INFO] - `Trainer.fit` stopped: `max_epochs=1000` reached.
