[2024-02-15 16:40:01,939][lightning_fabric.utilities.seed][INFO] - Seed set to 333
[2024-02-15 16:40:02,207][pytorch_lightning.utilities.rank_zero][INFO] - GPU available: True (cuda), used: True
[2024-02-15 16:40:02,233][pytorch_lightning.utilities.rank_zero][INFO] - TPU available: False, using: 0 TPU cores
[2024-02-15 16:40:02,233][pytorch_lightning.utilities.rank_zero][INFO] - IPU available: False, using: 0 IPUs
[2024-02-15 16:40:02,233][pytorch_lightning.utilities.rank_zero][INFO] - HPU available: False, using: 0 HPUs
[2024-02-15 16:40:29,730][pytorch_lightning.accelerators.cuda][INFO] - LOCAL_RANK: 0 - CUDA_VISIBLE_DEVICES: [0]
[2024-02-15 16:40:29,732][pytorch_lightning.callbacks.model_summary][INFO] - 
  | Name    | Type       | Params
---------------------------------------
0 | encoder | Sequential | 84.8 K
1 | decoder | Sequential | 31.7 K
---------------------------------------
116 K     Trainable params
0         Non-trainable params
116 K     Total params
0.466     Total estimated model params size (MB)
[2024-02-15 18:43:17,947][pytorch_lightning.utilities.rank_zero][INFO] - `Trainer.fit` stopped: `max_epochs=1000` reached.
[2024-02-15 18:43:18,035][pytorch_lightning.utilities.rank_zero][INFO] - Restoring states from the checkpoint path at /homes/o23gauvr/Documents/thèse/code/FASCINATION/outputs/2024-02-15/16-39-59/AE_without_AP_training/checkpoints/val_loss=0.79-epoch=981.ckpt
[2024-02-15 18:43:18,059][pytorch_lightning.accelerators.cuda][INFO] - LOCAL_RANK: 0 - CUDA_VISIBLE_DEVICES: [0]
[2024-02-15 18:43:18,062][pytorch_lightning.utilities.rank_zero][INFO] - Loaded model weights from the checkpoint at /homes/o23gauvr/Documents/thèse/code/FASCINATION/outputs/2024-02-15/16-39-59/AE_without_AP_training/checkpoints/val_loss=0.79-epoch=981.ckpt
