=====================================================================================================================================================================
Layer (type:depth-idx)                   Input Shape               Output Shape              Param #                   Param %                   Mult-Adds
=====================================================================================================================================================================
AutoEncoder                              [365, 107, 240, 240]      [365, 107, 240, 240]      171,702                    88.14%                   --
├─Sequential: 1-1                        [365, 107, 240, 240]      [365, 107, 240, 240]      --                             --                   --
│    └─Conv2d: 2-1                       [365, 107, 240, 240]      [365, 107, 240, 240]      11,556                      5.93%                   242,953,344,000
├─Sequential: 1-2                        [365, 107, 240, 240]      [365, 107, 240, 240]      --                             --                   --
│    └─ConvTranspose2d: 2-2              [365, 107, 240, 240]      [365, 107, 240, 240]      11,556                      5.93%                   242,953,344,000
│    └─ReLU: 2-3                         [365, 107, 240, 240]      [365, 107, 240, 240]      --                             --                   --
=====================================================================================================================================================================
Total params: 194,814
Trainable params: 194,814
Non-trainable params: 0
Total mult-adds (Units.GIGABYTES): 485.91
=====================================================================================================================================================================
Input size (MB): 8998.27
Forward/backward pass size (MB): 35993.09
Params size (MB): 0.09
Estimated Total Size (MB): 44991.45
=====================================================================================================================================================================