[2024-03-05 17:11:01,419][lightning_fabric.utilities.seed][INFO] - Seed set to 333
[2024-03-05 17:11:01,797][pytorch_lightning.utilities.rank_zero][INFO] - GPU available: True (cuda), used: True
[2024-03-05 17:11:01,845][pytorch_lightning.utilities.rank_zero][INFO] - TPU available: False, using: 0 TPU cores
[2024-03-05 17:11:01,845][pytorch_lightning.utilities.rank_zero][INFO] - IPU available: False, using: 0 IPUs
[2024-03-05 17:11:01,845][pytorch_lightning.utilities.rank_zero][INFO] - HPU available: False, using: 0 HPUs
[2024-03-05 17:12:08,532][pytorch_lightning.accelerators.cuda][INFO] - LOCAL_RANK: 0 - CUDA_VISIBLE_DEVICES: [2]
[2024-03-05 17:12:08,537][pytorch_lightning.callbacks.model_summary][INFO] - 
  | Name               | Type              | Params
---------------------------------------------------------
0 | acoustic_predictor | AcousticPredictor | 171 K 
1 | encoder            | Sequential        | 9.6 K 
2 | decoder            | Sequential        | 9.7 K 
---------------------------------------------------------
190 K     Trainable params
0         Non-trainable params
190 K     Total params
0.764     Total estimated model params size (MB)
[2024-03-05 18:51:11,038][pytorch_lightning.utilities.rank_zero][INFO] - `Trainer.fit` stopped: `max_epochs=1000` reached.
[2024-03-05 18:51:14,052][pytorch_lightning.utilities.rank_zero][INFO] - Restoring states from the checkpoint path at /homes/o23gauvr/Documents/thèse/code/FASCINATION/outputs/2024-03-05/17-10-56/AE_with_AP_training/no_pool_4/checkpoints/val_loss=0.02-epoch=995.ckpt
[2024-03-05 18:51:14,151][pytorch_lightning.accelerators.cuda][INFO] - LOCAL_RANK: 0 - CUDA_VISIBLE_DEVICES: [2]
[2024-03-05 18:51:14,162][pytorch_lightning.utilities.rank_zero][INFO] - Loaded model weights from the checkpoint at /homes/o23gauvr/Documents/thèse/code/FASCINATION/outputs/2024-03-05/17-10-56/AE_with_AP_training/no_pool_4/checkpoints/val_loss=0.02-epoch=995.ckpt
