=====================================================================================================================================================================
Layer (type:depth-idx)                   Input Shape               Output Shape              Param #                   Param %                   Mult-Adds
=====================================================================================================================================================================
AcousticPredictor                        [4, 107, 240, 240]        [4, 240, 240]             --                             --                   --
├─Sequential: 1-1                        [4, 107, 240, 240]        [4, 1, 240, 240]          --                             --                   --
│    └─Conv2d: 2-1                       [4, 107, 240, 240]        [4, 64, 240, 240]         6,912                      72.48%                   1,592,524,800
│    └─Conv2d: 2-2                       [4, 64, 240, 240]         [4, 32, 240, 240]         2,080                      21.81%                   479,232,000
│    └─Conv2d: 2-3                       [4, 32, 240, 240]         [4, 16, 240, 240]         528                         5.54%                   121,651,200
│    └─Conv2d: 2-4                       [4, 16, 240, 240]         [4, 1, 240, 240]          17                          0.18%                   3,916,800
│    └─ReLU: 2-5                         [4, 1, 240, 240]          [4, 1, 240, 240]          --                             --                   --
=====================================================================================================================================================================
Total params: 9,537
Trainable params: 9,537
Non-trainable params: 0
Total mult-adds (Units.GIGABYTES): 2.20
=====================================================================================================================================================================
Input size (MB): 98.61
Forward/backward pass size (MB): 208.28
Params size (MB): 0.04
Estimated Total Size (MB): 306.93
=====================================================================================================================================================================