=====================================================================================================================================================================
Layer (type:depth-idx)                   Input Shape               Output Shape              Param #                   Param %                   Mult-Adds
=====================================================================================================================================================================
AutoEncoder                              [365, 107, 240, 240]      [365, 107, 240, 240]      171,702                    99.44%                   --
├─Sequential: 1-1                        [365, 107, 240, 240]      [365, 4, 240, 240]        --                             --                   --
│    └─Conv2d: 2-1                       [365, 107, 240, 240]      [365, 4, 240, 240]        432                         0.25%                   9,082,368,000
├─Sequential: 1-2                        [365, 4, 240, 240]        [365, 107, 240, 240]      --                             --                   --
│    └─ConvTranspose2d: 2-2              [365, 4, 240, 240]        [365, 107, 240, 240]      535                         0.31%                   11,247,840,000
│    └─ReLU: 2-3                         [365, 107, 240, 240]      [365, 107, 240, 240]      --                             --                   --
=====================================================================================================================================================================
Total params: 172,669
Trainable params: 172,669
Non-trainable params: 0
Total mult-adds (Units.GIGABYTES): 20.33
=====================================================================================================================================================================
Input size (MB): 8998.27
Forward/backward pass size (MB): 18669.31
Params size (MB): 0.00
Estimated Total Size (MB): 27667.59
=====================================================================================================================================================================