=====================================================================================================================================================================
Layer (type:depth-idx)                   Input Shape               Output Shape              Param #                   Param %                   Mult-Adds
=====================================================================================================================================================================
AutoEncoder                              [365, 107, 240, 240]      [365, 107, 240, 240]      171,702                    94.05%                   --
├─Sequential: 1-1                        [365, 107, 240, 240]      [365, 50, 240, 240]       --                             --                   --
│    └─Conv2d: 2-1                       [365, 107, 240, 240]      [365, 50, 240, 240]       5,400                       2.96%                   113,529,600,000
├─Sequential: 1-2                        [365, 50, 240, 240]       [365, 107, 240, 240]      --                             --                   --
│    └─ConvTranspose2d: 2-2              [365, 50, 240, 240]       [365, 107, 240, 240]      5,457                       2.99%                   114,727,968,000
│    └─ReLU: 2-3                         [365, 107, 240, 240]      [365, 107, 240, 240]      --                             --                   --
=====================================================================================================================================================================
Total params: 182,559
Trainable params: 182,559
Non-trainable params: 0
Total mult-adds (Units.GIGABYTES): 228.26
=====================================================================================================================================================================
Input size (MB): 8998.27
Forward/backward pass size (MB): 26406.14
Params size (MB): 0.04
Estimated Total Size (MB): 35404.46
=====================================================================================================================================================================