[2024-05-22 05:47:08,759][lightning_fabric.utilities.seed][INFO] - Seed set to 333
[2024-05-22 05:47:09,486][pytorch_lightning.utilities.rank_zero][INFO] - GPU available: True (cuda), used: True
[2024-05-22 05:47:09,591][pytorch_lightning.utilities.rank_zero][INFO] - TPU available: False, using: 0 TPU cores
[2024-05-22 05:47:09,591][pytorch_lightning.utilities.rank_zero][INFO] - IPU available: False, using: 0 IPUs
[2024-05-22 05:47:09,591][pytorch_lightning.utilities.rank_zero][INFO] - HPU available: False, using: 0 HPUs
[2024-05-22 05:48:13,569][pytorch_lightning.accelerators.cuda][INFO] - LOCAL_RANK: 0 - CUDA_VISIBLE_DEVICES: [2]
[2024-05-22 05:48:13,574][pytorch_lightning.callbacks.model_summary][INFO] - 
  | Name              | Type       | Params
-------------------------------------------------
0 | encoder           | Sequential | 126   
1 | ecs_pred_model    | Sequential | 10    
2 | ecs_classif_model | Linear     | 20    
-------------------------------------------------
156       Trainable params
0         Non-trainable params
156       Total params
0.001     Total estimated model params size (MB)
[2024-05-22 05:58:25,383][pytorch_lightning.utilities.rank_zero][INFO] - Restoring states from the checkpoint path at /homes/o23gauvr/Documents/thèse/code/FASCINATION/outputs/accoustic_predictor/dense_3D_CNN_ReLu/pred_weight_1_classif_weight_1000_2024-05-22_05-47/checkpoints/val_loss=0.02-epoch=25.ckpt
[2024-05-22 05:58:25,398][pytorch_lightning.accelerators.cuda][INFO] - LOCAL_RANK: 0 - CUDA_VISIBLE_DEVICES: [2]
[2024-05-22 05:58:25,401][pytorch_lightning.utilities.rank_zero][INFO] - Loaded model weights from the checkpoint at /homes/o23gauvr/Documents/thèse/code/FASCINATION/outputs/accoustic_predictor/dense_3D_CNN_ReLu/pred_weight_1_classif_weight_1000_2024-05-22_05-47/checkpoints/val_loss=0.02-epoch=25.ckpt
