[2024-02-29 03:22:53,687][lightning_fabric.utilities.seed][INFO] - Seed set to 333
[2024-02-29 03:22:54,049][pytorch_lightning.utilities.rank_zero][INFO] - GPU available: True (cuda), used: True
[2024-02-29 03:22:54,095][pytorch_lightning.utilities.rank_zero][INFO] - TPU available: False, using: 0 TPU cores
[2024-02-29 03:22:54,095][pytorch_lightning.utilities.rank_zero][INFO] - IPU available: False, using: 0 IPUs
[2024-02-29 03:22:54,096][pytorch_lightning.utilities.rank_zero][INFO] - HPU available: False, using: 0 HPUs
[2024-02-29 03:23:34,321][pytorch_lightning.accelerators.cuda][INFO] - LOCAL_RANK: 0 - CUDA_VISIBLE_DEVICES: [2]
[2024-02-29 03:23:34,323][pytorch_lightning.callbacks.model_summary][INFO] - 
  | Name    | Type       | Params
---------------------------------------
0 | encoder | Sequential | 9.6 K 
1 | decoder | Sequential | 9.7 K 
---------------------------------------
19.3 K    Trainable params
0         Non-trainable params
19.3 K    Total params
0.077     Total estimated model params size (MB)
[2024-02-29 05:29:30,798][pytorch_lightning.utilities.rank_zero][INFO] - `Trainer.fit` stopped: `max_epochs=1000` reached.
[2024-02-29 05:29:30,876][pytorch_lightning.utilities.rank_zero][INFO] - Restoring states from the checkpoint path at /homes/o23gauvr/Documents/thèse/code/FASCINATION/outputs/2024-02-29/03-22-50/AE_without_AP_training/no_pool_4/checkpoints/val_loss=0.01-epoch=952.ckpt
[2024-02-29 05:29:30,886][pytorch_lightning.accelerators.cuda][INFO] - LOCAL_RANK: 0 - CUDA_VISIBLE_DEVICES: [2]
[2024-02-29 05:29:30,891][pytorch_lightning.utilities.rank_zero][INFO] - Loaded model weights from the checkpoint at /homes/o23gauvr/Documents/thèse/code/FASCINATION/outputs/2024-02-29/03-22-50/AE_without_AP_training/no_pool_4/checkpoints/val_loss=0.01-epoch=952.ckpt
