[2024-03-11 20:19:42,143][lightning_fabric.utilities.seed][INFO] - Seed set to 333
[2024-03-11 20:19:42,489][pytorch_lightning.utilities.rank_zero][INFO] - GPU available: True (cuda), used: True
[2024-03-11 20:19:42,515][pytorch_lightning.utilities.rank_zero][INFO] - TPU available: False, using: 0 TPU cores
[2024-03-11 20:19:42,515][pytorch_lightning.utilities.rank_zero][INFO] - IPU available: False, using: 0 IPUs
[2024-03-11 20:19:42,515][pytorch_lightning.utilities.rank_zero][INFO] - HPU available: False, using: 0 HPUs
[2024-03-11 20:20:24,550][pytorch_lightning.accelerators.cuda][INFO] - LOCAL_RANK: 0 - CUDA_VISIBLE_DEVICES: [2]
[2024-03-11 20:20:24,552][pytorch_lightning.callbacks.model_summary][INFO] - 
  | Name    | Type       | Params
---------------------------------------
0 | encoder | Sequential | 86.2 K
1 | decoder | Sequential | 32.3 K
---------------------------------------
118 K     Trainable params
0         Non-trainable params
118 K     Total params
0.474     Total estimated model params size (MB)
[2024-03-11 23:17:40,213][pytorch_lightning.utilities.rank_zero][INFO] - `Trainer.fit` stopped: `max_epochs=1000` reached.
[2024-03-11 23:17:40,322][pytorch_lightning.utilities.rank_zero][INFO] - Restoring states from the checkpoint path at /homes/o23gauvr/Documents/thèse/code/FASCINATION/outputs/2024-03-11/20-19-38/AE_without_AP_training/4_15_no_relu/checkpoints/val_loss=0.04-epoch=988.ckpt
[2024-03-11 23:17:40,350][pytorch_lightning.accelerators.cuda][INFO] - LOCAL_RANK: 0 - CUDA_VISIBLE_DEVICES: [2]
[2024-03-11 23:17:40,351][pytorch_lightning.utilities.rank_zero][INFO] - Loaded model weights from the checkpoint at /homes/o23gauvr/Documents/thèse/code/FASCINATION/outputs/2024-03-11/20-19-38/AE_without_AP_training/4_15_no_relu/checkpoints/val_loss=0.04-epoch=988.ckpt
