[2024-05-24 13:25:44,141][lightning_fabric.utilities.seed][INFO] - Seed set to 333
[2024-05-24 13:25:44,645][pytorch_lightning.utilities.rank_zero][INFO] - GPU available: True (cuda), used: True
[2024-05-24 13:25:44,710][pytorch_lightning.utilities.rank_zero][INFO] - TPU available: False, using: 0 TPU cores
[2024-05-24 13:25:44,710][pytorch_lightning.utilities.rank_zero][INFO] - IPU available: False, using: 0 IPUs
[2024-05-24 13:25:44,710][pytorch_lightning.utilities.rank_zero][INFO] - HPU available: False, using: 0 HPUs
[2024-05-24 13:26:36,137][pytorch_lightning.accelerators.cuda][INFO] - LOCAL_RANK: 0 - CUDA_VISIBLE_DEVICES: [4]
[2024-05-24 13:26:36,139][pytorch_lightning.callbacks.model_summary][INFO] - 
  | Name              | Type       | Params
-------------------------------------------------
0 | encoder           | Sequential | 126   
1 | ecs_pred_model    | Sequential | 10    
2 | ecs_classif_model | Linear     | 20    
-------------------------------------------------
156       Trainable params
0         Non-trainable params
156       Total params
0.001     Total estimated model params size (MB)
[2024-05-24 17:56:51,946][pytorch_lightning.utilities.rank_zero][INFO] - `Trainer.fit` stopped: `max_epochs=1000` reached.
[2024-05-24 17:56:52,250][pytorch_lightning.utilities.rank_zero][INFO] - Restoring states from the checkpoint path at /homes/o23gauvr/Documents/thèse/code/FASCINATION/outputs/accoustic_predictor/dense_3D_CNN_ReLu/pred_weight_0_classif_weight_1_2024-05-24_13-25/checkpoints/val_loss=0.00-epoch=157.ckpt
[2024-05-24 17:56:52,260][pytorch_lightning.accelerators.cuda][INFO] - LOCAL_RANK: 0 - CUDA_VISIBLE_DEVICES: [4]
[2024-05-24 17:56:52,261][pytorch_lightning.utilities.rank_zero][INFO] - Loaded model weights from the checkpoint at /homes/o23gauvr/Documents/thèse/code/FASCINATION/outputs/accoustic_predictor/dense_3D_CNN_ReLu/pred_weight_0_classif_weight_1_2024-05-24_13-25/checkpoints/val_loss=0.00-epoch=157.ckpt
