[2024-02-28 14:36:01,131][lightning_fabric.utilities.seed][INFO] - Seed set to 333
[2024-02-28 14:36:01,482][pytorch_lightning.utilities.rank_zero][INFO] - GPU available: True (cuda), used: True
[2024-02-28 14:36:01,533][pytorch_lightning.utilities.rank_zero][INFO] - TPU available: False, using: 0 TPU cores
[2024-02-28 14:36:01,534][pytorch_lightning.utilities.rank_zero][INFO] - IPU available: False, using: 0 IPUs
[2024-02-28 14:36:01,534][pytorch_lightning.utilities.rank_zero][INFO] - HPU available: False, using: 0 HPUs
[2024-02-28 14:36:39,892][pytorch_lightning.accelerators.cuda][INFO] - LOCAL_RANK: 0 - CUDA_VISIBLE_DEVICES: [2]
[2024-02-28 14:36:39,894][pytorch_lightning.callbacks.model_summary][INFO] - 
  | Name    | Type       | Params
---------------------------------------
0 | encoder | Sequential | 85.9 K
1 | decoder | Sequential | 32.2 K
---------------------------------------
118 K     Trainable params
0         Non-trainable params
118 K     Total params
0.473     Total estimated model params size (MB)
[2024-02-28 14:36:56,497][pytorch_lightning.utilities.rank_zero][INFO] - `Trainer.fit` stopped: `max_epochs=2` reached.
[2024-02-28 14:36:56,590][pytorch_lightning.utilities.rank_zero][INFO] - Restoring states from the checkpoint path at /homes/o23gauvr/Documents/thèse/code/FASCINATION/outputs/2024-02-28/14-35-58/AE_without_AP_training/8_30/checkpoints/val_loss=0.13-epoch=01.ckpt
[2024-02-28 14:36:56,614][pytorch_lightning.accelerators.cuda][INFO] - LOCAL_RANK: 0 - CUDA_VISIBLE_DEVICES: [2]
[2024-02-28 14:36:56,620][pytorch_lightning.utilities.rank_zero][INFO] - Loaded model weights from the checkpoint at /homes/o23gauvr/Documents/thèse/code/FASCINATION/outputs/2024-02-28/14-35-58/AE_without_AP_training/8_30/checkpoints/val_loss=0.13-epoch=01.ckpt
