[2024-01-25 13:17:08,076][torch.distributed.nn.jit.instantiator][INFO] - Created a temporary directory at /tmp/tmptzja5hw1
[2024-01-25 13:17:08,077][torch.distributed.nn.jit.instantiator][INFO] - Writing /tmp/tmptzja5hw1/_remote_module_non_scriptable.py
[2024-01-25 13:17:08,495][lightning_lite.utilities.seed][INFO] - Global seed set to 333
[2024-01-25 13:17:08,606][pytorch_lightning.utilities.rank_zero][INFO] - GPU available: True (cuda), used: True
[2024-01-25 13:17:08,695][pytorch_lightning.utilities.rank_zero][INFO] - TPU available: False, using: 0 TPU cores
[2024-01-25 13:17:08,695][pytorch_lightning.utilities.rank_zero][INFO] - IPU available: False, using: 0 IPUs
[2024-01-25 13:17:08,695][pytorch_lightning.utilities.rank_zero][INFO] - HPU available: False, using: 0 HPUs
[2024-01-25 13:18:08,490][pytorch_lightning.accelerators.cuda][INFO] - LOCAL_RANK: 0 - CUDA_VISIBLE_DEVICES: [0,1,2]
[2024-01-25 13:18:08,492][pytorch_lightning.callbacks.model_summary][INFO] - 
  | Name      | Type      | Params
----------------------------------------
0 | conv1     | ConvBlock | 92.7 K
1 | conv2     | ConvBlock | 55.5 K
2 | conv3     | ConvBlock | 18.5 K
3 | conv4     | ConvBlock | 4.7 K 
4 | finalconv | ConvBlock | 294   
----------------------------------------
171 K     Trainable params
0         Non-trainable params
171 K     Total params
0.687     Total estimated model params size (MB)
[2024-01-25 17:47:42,804][pytorch_lightning.utilities.rank_zero][INFO] - `Trainer.fit` stopped: `max_epochs=2000` reached.
