[2024-05-25 18:53:30,030][lightning_fabric.utilities.seed][INFO] - Seed set to 333
[2024-05-25 18:53:30,585][pytorch_lightning.utilities.rank_zero][INFO] - GPU available: True (cuda), used: True
[2024-05-25 18:53:30,638][pytorch_lightning.utilities.rank_zero][INFO] - TPU available: False, using: 0 TPU cores
[2024-05-25 18:53:30,638][pytorch_lightning.utilities.rank_zero][INFO] - IPU available: False, using: 0 IPUs
[2024-05-25 18:53:30,638][pytorch_lightning.utilities.rank_zero][INFO] - HPU available: False, using: 0 HPUs
[2024-05-25 18:54:21,831][pytorch_lightning.accelerators.cuda][INFO] - LOCAL_RANK: 0 - CUDA_VISIBLE_DEVICES: [4]
[2024-05-25 18:54:21,834][pytorch_lightning.callbacks.model_summary][INFO] - 
  | Name              | Type       | Params
-------------------------------------------------
0 | encoder           | Sequential | 126   
1 | ecs_pred_model    | Sequential | 10    
2 | ecs_classif_model | Linear     | 20    
-------------------------------------------------
156       Trainable params
0         Non-trainable params
156       Total params
0.001     Total estimated model params size (MB)
[2024-05-25 23:18:18,403][pytorch_lightning.utilities.rank_zero][INFO] - `Trainer.fit` stopped: `max_epochs=1000` reached.
[2024-05-25 23:18:19,518][pytorch_lightning.utilities.rank_zero][INFO] - Restoring states from the checkpoint path at /homes/o23gauvr/Documents/thèse/code/FASCINATION/outputs/accoustic_predictor/dense_3D_CNN_ReLu/pred_weight_10_classif_weight_1_2024-05-25_18-53/checkpoints/val_loss=0.12-epoch=999.ckpt
[2024-05-25 23:18:19,532][pytorch_lightning.accelerators.cuda][INFO] - LOCAL_RANK: 0 - CUDA_VISIBLE_DEVICES: [4]
[2024-05-25 23:18:19,534][pytorch_lightning.utilities.rank_zero][INFO] - Loaded model weights from the checkpoint at /homes/o23gauvr/Documents/thèse/code/FASCINATION/outputs/accoustic_predictor/dense_3D_CNN_ReLu/pred_weight_10_classif_weight_1_2024-05-25_18-53/checkpoints/val_loss=0.12-epoch=999.ckpt
