=====================================================================================================================================================================
Layer (type:depth-idx)                   Input Shape               Output Shape              Param #                   Param %                   Mult-Adds
=====================================================================================================================================================================
AcousticPredictor                        [365, 107, 240, 240]      [365, 1, 240, 240]        --                             --                   --
├─Sequential: 1-1                        [365, 107, 240, 240]      [365, 1, 240, 240]        --                             --                   --
│    └─Conv2d: 2-1                       [365, 107, 240, 240]      [365, 64, 240, 240]       6,912                      72.48%                   145,317,888,000
│    └─Conv2d: 2-2                       [365, 64, 240, 240]       [365, 32, 240, 240]       2,080                      21.81%                   43,729,920,000
│    └─Conv2d: 2-3                       [365, 32, 240, 240]       [365, 16, 240, 240]       528                         5.54%                   11,100,672,000
│    └─Conv2d: 2-4                       [365, 16, 240, 240]       [365, 1, 240, 240]        17                          0.18%                   357,408,000
│    └─Softmax: 2-5                      [365, 1, 240, 240]        [365, 1, 240, 240]        --                             --                   --
=====================================================================================================================================================================
Total params: 9,537
Trainable params: 9,537
Non-trainable params: 0
Total mult-adds (Units.GIGABYTES): 200.51
=====================================================================================================================================================================
Input size (MB): 8998.27
Forward/backward pass size (MB): 19005.70
Params size (MB): 0.04
Estimated Total Size (MB): 28004.01
=====================================================================================================================================================================