[2024-02-29 01:17:55,681][lightning_fabric.utilities.seed][INFO] - Seed set to 333
[2024-02-29 01:17:56,057][pytorch_lightning.utilities.rank_zero][INFO] - GPU available: True (cuda), used: True
[2024-02-29 01:17:56,105][pytorch_lightning.utilities.rank_zero][INFO] - TPU available: False, using: 0 TPU cores
[2024-02-29 01:17:56,105][pytorch_lightning.utilities.rank_zero][INFO] - IPU available: False, using: 0 IPUs
[2024-02-29 01:17:56,105][pytorch_lightning.utilities.rank_zero][INFO] - HPU available: False, using: 0 HPUs
[2024-02-29 01:18:34,098][pytorch_lightning.accelerators.cuda][INFO] - LOCAL_RANK: 0 - CUDA_VISIBLE_DEVICES: [2]
[2024-02-29 01:18:34,101][pytorch_lightning.callbacks.model_summary][INFO] - 
  | Name    | Type       | Params
---------------------------------------
0 | encoder | Sequential | 85.9 K
1 | decoder | Sequential | 32.2 K
---------------------------------------
118 K     Trainable params
0         Non-trainable params
118 K     Total params
0.473     Total estimated model params size (MB)
[2024-02-29 03:22:47,710][pytorch_lightning.utilities.rank_zero][INFO] - `Trainer.fit` stopped: `max_epochs=1000` reached.
[2024-02-29 03:22:47,829][pytorch_lightning.utilities.rank_zero][INFO] - Restoring states from the checkpoint path at /homes/o23gauvr/Documents/thèse/code/FASCINATION/outputs/2024-02-29/01-17-52/AE_without_AP_training/8_30/checkpoints/val_loss=0.02-epoch=997.ckpt
[2024-02-29 03:22:47,839][pytorch_lightning.accelerators.cuda][INFO] - LOCAL_RANK: 0 - CUDA_VISIBLE_DEVICES: [2]
[2024-02-29 03:22:47,845][pytorch_lightning.utilities.rank_zero][INFO] - Loaded model weights from the checkpoint at /homes/o23gauvr/Documents/thèse/code/FASCINATION/outputs/2024-02-29/01-17-52/AE_without_AP_training/8_30/checkpoints/val_loss=0.02-epoch=997.ckpt
