[2024-03-13 20:24:25,639][lightning_fabric.utilities.seed][INFO] - Seed set to 333
[2024-03-13 20:24:25,975][pytorch_lightning.utilities.rank_zero][INFO] - GPU available: True (cuda), used: True
[2024-03-13 20:24:26,002][pytorch_lightning.utilities.rank_zero][INFO] - TPU available: False, using: 0 TPU cores
[2024-03-13 20:24:26,002][pytorch_lightning.utilities.rank_zero][INFO] - IPU available: False, using: 0 IPUs
[2024-03-13 20:24:26,002][pytorch_lightning.utilities.rank_zero][INFO] - HPU available: False, using: 0 HPUs
[2024-03-13 20:25:17,811][pytorch_lightning.accelerators.cuda][INFO] - LOCAL_RANK: 0 - CUDA_VISIBLE_DEVICES: [4]
[2024-03-13 20:25:17,813][pytorch_lightning.callbacks.model_summary][INFO] - 
  | Name    | Type       | Params
---------------------------------------
0 | encoder | Sequential | 86.2 K
1 | decoder | Sequential | 32.3 K
---------------------------------------
118 K     Trainable params
0         Non-trainable params
118 K     Total params
0.474     Total estimated model params size (MB)
[2024-03-13 22:47:07,404][pytorch_lightning.utilities.rank_zero][INFO] - `Trainer.fit` stopped: `max_epochs=1000` reached.
[2024-03-13 22:47:07,487][pytorch_lightning.utilities.rank_zero][INFO] - Restoring states from the checkpoint path at /homes/o23gauvr/Documents/thèse/code/FASCINATION/outputs/2024-03-13/20-24-22/AE_without_AP_training/4_15/checkpoints/val_loss=0.05-epoch=275.ckpt
[2024-03-13 22:47:07,499][pytorch_lightning.accelerators.cuda][INFO] - LOCAL_RANK: 0 - CUDA_VISIBLE_DEVICES: [4]
[2024-03-13 22:47:07,500][pytorch_lightning.utilities.rank_zero][INFO] - Loaded model weights from the checkpoint at /homes/o23gauvr/Documents/thèse/code/FASCINATION/outputs/2024-03-13/20-24-22/AE_without_AP_training/4_15/checkpoints/val_loss=0.05-epoch=275.ckpt
