[2024-03-05 20:33:06,147][lightning_fabric.utilities.seed][INFO] - Seed set to 333
[2024-03-05 20:33:06,505][pytorch_lightning.utilities.rank_zero][INFO] - GPU available: True (cuda), used: True
[2024-03-05 20:33:06,559][pytorch_lightning.utilities.rank_zero][INFO] - TPU available: False, using: 0 TPU cores
[2024-03-05 20:33:06,559][pytorch_lightning.utilities.rank_zero][INFO] - IPU available: False, using: 0 IPUs
[2024-03-05 20:33:06,560][pytorch_lightning.utilities.rank_zero][INFO] - HPU available: False, using: 0 HPUs
[2024-03-05 20:33:52,947][pytorch_lightning.accelerators.cuda][INFO] - LOCAL_RANK: 0 - CUDA_VISIBLE_DEVICES: [2]
[2024-03-05 20:33:52,950][pytorch_lightning.callbacks.model_summary][INFO] - 
  | Name               | Type              | Params
---------------------------------------------------------
0 | acoustic_predictor | AcousticPredictor | 171 K 
1 | encoder            | Sequential        | 61.7 K
2 | decoder            | Sequential        | 27.5 K
---------------------------------------------------------
260 K     Trainable params
0         Non-trainable params
260 K     Total params
1.044     Total estimated model params size (MB)
[2024-03-05 22:15:36,321][pytorch_lightning.utilities.rank_zero][INFO] - `Trainer.fit` stopped: `max_epochs=1000` reached.
[2024-03-05 22:15:40,899][pytorch_lightning.utilities.rank_zero][INFO] - Restoring states from the checkpoint path at /homes/o23gauvr/Documents/thèse/code/FASCINATION/outputs/2024-03-05/20-33-02/AE_with_AP_training/32_120/checkpoints/val_loss=0.02-epoch=604.ckpt
[2024-03-05 22:15:41,311][pytorch_lightning.accelerators.cuda][INFO] - LOCAL_RANK: 0 - CUDA_VISIBLE_DEVICES: [2]
[2024-03-05 22:15:41,326][pytorch_lightning.utilities.rank_zero][INFO] - Loaded model weights from the checkpoint at /homes/o23gauvr/Documents/thèse/code/FASCINATION/outputs/2024-03-05/20-33-02/AE_with_AP_training/32_120/checkpoints/val_loss=0.02-epoch=604.ckpt
