[2024-02-16 18:14:38,415][lightning_fabric.utilities.seed][INFO] - Seed set to 333
[2024-02-16 18:14:38,666][pytorch_lightning.utilities.rank_zero][INFO] - GPU available: True (cuda), used: True
[2024-02-16 18:14:38,693][pytorch_lightning.utilities.rank_zero][INFO] - TPU available: False, using: 0 TPU cores
[2024-02-16 18:14:38,693][pytorch_lightning.utilities.rank_zero][INFO] - IPU available: False, using: 0 IPUs
[2024-02-16 18:14:38,693][pytorch_lightning.utilities.rank_zero][INFO] - HPU available: False, using: 0 HPUs
[2024-02-16 18:15:23,000][pytorch_lightning.accelerators.cuda][INFO] - LOCAL_RANK: 0 - CUDA_VISIBLE_DEVICES: [0]
[2024-02-16 18:15:23,003][pytorch_lightning.callbacks.model_summary][INFO] - 
  | Name      | Type      | Params
----------------------------------------
0 | conv1     | ConvBlock | 92.7 K
1 | conv2     | ConvBlock | 55.5 K
2 | conv3     | ConvBlock | 18.5 K
3 | conv4     | ConvBlock | 4.7 K 
4 | finalconv | ConvBlock | 294   
----------------------------------------
171 K     Trainable params
0         Non-trainable params
171 K     Total params
0.687     Total estimated model params size (MB)
[2024-02-16 19:55:50,853][pytorch_lightning.utilities.rank_zero][INFO] - `Trainer.fit` stopped: `max_epochs=1000` reached.
[2024-02-16 19:55:51,376][pytorch_lightning.utilities.rank_zero][INFO] - Restoring states from the checkpoint path at /homes/o23gauvr/Documents/thèse/code/FASCINATION/outputs/2024-02-16/18-14-34/acoustic_pred_training/checkpoints/val_loss=0.02-epoch=929.ckpt
[2024-02-16 19:55:51,419][pytorch_lightning.accelerators.cuda][INFO] - LOCAL_RANK: 0 - CUDA_VISIBLE_DEVICES: [0]
[2024-02-16 19:55:51,422][pytorch_lightning.utilities.rank_zero][INFO] - Loaded model weights from the checkpoint at /homes/o23gauvr/Documents/thèse/code/FASCINATION/outputs/2024-02-16/18-14-34/acoustic_pred_training/checkpoints/val_loss=0.02-epoch=929.ckpt
