[2024-03-05 18:51:25,155][lightning_fabric.utilities.seed][INFO] - Seed set to 333
[2024-03-05 18:51:25,564][pytorch_lightning.utilities.rank_zero][INFO] - GPU available: True (cuda), used: True
[2024-03-05 18:51:25,612][pytorch_lightning.utilities.rank_zero][INFO] - TPU available: False, using: 0 TPU cores
[2024-03-05 18:51:25,612][pytorch_lightning.utilities.rank_zero][INFO] - IPU available: False, using: 0 IPUs
[2024-03-05 18:51:25,612][pytorch_lightning.utilities.rank_zero][INFO] - HPU available: False, using: 0 HPUs
[2024-03-05 18:52:59,657][pytorch_lightning.accelerators.cuda][INFO] - LOCAL_RANK: 0 - CUDA_VISIBLE_DEVICES: [2]
[2024-03-05 18:52:59,659][pytorch_lightning.callbacks.model_summary][INFO] - 
  | Name               | Type              | Params
---------------------------------------------------------
0 | acoustic_predictor | AcousticPredictor | 171 K 
1 | encoder            | Sequential        | 84.8 K
2 | decoder            | Sequential        | 31.7 K
---------------------------------------------------------
288 K     Trainable params
0         Non-trainable params
288 K     Total params
1.153     Total estimated model params size (MB)
[2024-03-05 20:32:58,716][pytorch_lightning.utilities.rank_zero][INFO] - `Trainer.fit` stopped: `max_epochs=1000` reached.
[2024-03-05 20:32:59,471][pytorch_lightning.utilities.rank_zero][INFO] - Restoring states from the checkpoint path at /homes/o23gauvr/Documents/thèse/code/FASCINATION/outputs/2024-03-05/18-51-20/AE_with_AP_training/16_60/checkpoints/val_loss=0.02-epoch=406.ckpt
[2024-03-05 20:32:59,583][pytorch_lightning.accelerators.cuda][INFO] - LOCAL_RANK: 0 - CUDA_VISIBLE_DEVICES: [2]
[2024-03-05 20:32:59,600][pytorch_lightning.utilities.rank_zero][INFO] - Loaded model weights from the checkpoint at /homes/o23gauvr/Documents/thèse/code/FASCINATION/outputs/2024-03-05/18-51-20/AE_with_AP_training/16_60/checkpoints/val_loss=0.02-epoch=406.ckpt
