[2024-02-28 16:15:57,168][lightning_fabric.utilities.seed][INFO] - Seed set to 333
[2024-02-28 16:15:57,636][pytorch_lightning.utilities.rank_zero][INFO] - GPU available: True (cuda), used: True
[2024-02-28 16:15:57,693][pytorch_lightning.utilities.rank_zero][INFO] - TPU available: False, using: 0 TPU cores
[2024-02-28 16:15:57,694][pytorch_lightning.utilities.rank_zero][INFO] - IPU available: False, using: 0 IPUs
[2024-02-28 16:15:57,694][pytorch_lightning.utilities.rank_zero][INFO] - HPU available: False, using: 0 HPUs
[2024-02-28 16:20:28,150][pytorch_lightning.accelerators.cuda][INFO] - LOCAL_RANK: 0 - CUDA_VISIBLE_DEVICES: [1]
[2024-02-28 16:20:28,155][pytorch_lightning.callbacks.model_summary][INFO] - 
  | Name      | Type      | Params
----------------------------------------
0 | conv1     | ConvBlock | 92.7 K
1 | conv2     | ConvBlock | 55.5 K
2 | conv3     | ConvBlock | 18.5 K
3 | conv4     | ConvBlock | 4.7 K 
4 | finalconv | ConvBlock | 294   
----------------------------------------
171 K     Trainable params
0         Non-trainable params
171 K     Total params
0.687     Total estimated model params size (MB)
[2024-02-28 18:24:44,595][pytorch_lightning.utilities.rank_zero][INFO] - `Trainer.fit` stopped: `max_epochs=1000` reached.
[2024-02-28 18:24:45,175][pytorch_lightning.utilities.rank_zero][INFO] - Restoring states from the checkpoint path at /homes/o23gauvr/Documents/thèse/code/FASCINATION/outputs/2024-02-28/16-15-52/acoustic_pred_training/checkpoints/val_loss=0.02-epoch=951.ckpt
[2024-02-28 18:24:45,205][pytorch_lightning.accelerators.cuda][INFO] - LOCAL_RANK: 0 - CUDA_VISIBLE_DEVICES: [1]
[2024-02-28 18:24:45,217][pytorch_lightning.utilities.rank_zero][INFO] - Loaded model weights from the checkpoint at /homes/o23gauvr/Documents/thèse/code/FASCINATION/outputs/2024-02-28/16-15-52/acoustic_pred_training/checkpoints/val_loss=0.02-epoch=951.ckpt
