[2024-02-20 13:51:58,401][lightning_fabric.utilities.seed][INFO] - Seed set to 333
[2024-02-20 13:51:58,737][pytorch_lightning.utilities.rank_zero][INFO] - GPU available: True (cuda), used: True
[2024-02-20 13:51:58,767][pytorch_lightning.utilities.rank_zero][INFO] - TPU available: False, using: 0 TPU cores
[2024-02-20 13:51:58,767][pytorch_lightning.utilities.rank_zero][INFO] - IPU available: False, using: 0 IPUs
[2024-02-20 13:51:58,768][pytorch_lightning.utilities.rank_zero][INFO] - HPU available: False, using: 0 HPUs
[2024-02-20 13:53:46,503][pytorch_lightning.accelerators.cuda][INFO] - LOCAL_RANK: 0 - CUDA_VISIBLE_DEVICES: [1]
[2024-02-20 13:53:46,506][pytorch_lightning.callbacks.model_summary][INFO] - 
  | Name    | Type       | Params
---------------------------------------
0 | encoder | Sequential | 86.2 K
1 | decoder | Sequential | 32.3 K
---------------------------------------
118 K     Trainable params
0         Non-trainable params
118 K     Total params
0.474     Total estimated model params size (MB)
[2024-02-20 16:42:29,171][pytorch_lightning.utilities.rank_zero][INFO] - `Trainer.fit` stopped: `max_epochs=1000` reached.
[2024-02-20 16:42:29,295][pytorch_lightning.utilities.rank_zero][INFO] - Restoring states from the checkpoint path at /homes/o23gauvr/Documents/thèse/code/FASCINATION/outputs/2024-02-20/13-51-53/AE_without_AP_training/checkpoints/val_loss=0.80-epoch=999.ckpt
[2024-02-20 16:42:29,302][pytorch_lightning.accelerators.cuda][INFO] - LOCAL_RANK: 0 - CUDA_VISIBLE_DEVICES: [1]
[2024-02-20 16:42:29,309][pytorch_lightning.utilities.rank_zero][INFO] - Loaded model weights from the checkpoint at /homes/o23gauvr/Documents/thèse/code/FASCINATION/outputs/2024-02-20/13-51-53/AE_without_AP_training/checkpoints/val_loss=0.80-epoch=999.ckpt
