[2024-02-28 14:33:57,165][lightning_fabric.utilities.seed][INFO] - Seed set to 333
[2024-02-28 14:33:57,553][pytorch_lightning.utilities.rank_zero][INFO] - GPU available: True (cuda), used: True
[2024-02-28 14:33:57,606][pytorch_lightning.utilities.rank_zero][INFO] - TPU available: False, using: 0 TPU cores
[2024-02-28 14:33:57,606][pytorch_lightning.utilities.rank_zero][INFO] - IPU available: False, using: 0 IPUs
[2024-02-28 14:33:57,606][pytorch_lightning.utilities.rank_zero][INFO] - HPU available: False, using: 0 HPUs
[2024-02-28 14:34:34,453][pytorch_lightning.accelerators.cuda][INFO] - LOCAL_RANK: 0 - CUDA_VISIBLE_DEVICES: [2]
[2024-02-28 14:34:34,454][pytorch_lightning.callbacks.model_summary][INFO] - 
  | Name    | Type       | Params
---------------------------------------
0 | encoder | Sequential | 84.8 K
1 | decoder | Sequential | 31.7 K
---------------------------------------
116 K     Trainable params
0         Non-trainable params
116 K     Total params
0.466     Total estimated model params size (MB)
[2024-02-28 14:34:52,904][pytorch_lightning.utilities.rank_zero][INFO] - `Trainer.fit` stopped: `max_epochs=2` reached.
[2024-02-28 14:34:52,987][pytorch_lightning.utilities.rank_zero][INFO] - Restoring states from the checkpoint path at /homes/o23gauvr/Documents/thèse/code/FASCINATION/outputs/2024-02-28/14-33-54/AE_without_AP_training/16_60/checkpoints/val_loss=0.13-epoch=01.ckpt
[2024-02-28 14:34:53,022][pytorch_lightning.accelerators.cuda][INFO] - LOCAL_RANK: 0 - CUDA_VISIBLE_DEVICES: [2]
[2024-02-28 14:34:53,028][pytorch_lightning.utilities.rank_zero][INFO] - Loaded model weights from the checkpoint at /homes/o23gauvr/Documents/thèse/code/FASCINATION/outputs/2024-02-28/14-33-54/AE_without_AP_training/16_60/checkpoints/val_loss=0.13-epoch=01.ckpt
