[2024-03-19 17:05:34,140][lightning_fabric.utilities.seed][INFO] - Seed set to 333
[2024-03-19 17:05:34,502][pytorch_lightning.utilities.rank_zero][INFO] - GPU available: True (cuda), used: True
[2024-03-19 17:05:34,533][pytorch_lightning.utilities.rank_zero][INFO] - TPU available: False, using: 0 TPU cores
[2024-03-19 17:05:34,534][pytorch_lightning.utilities.rank_zero][INFO] - IPU available: False, using: 0 IPUs
[2024-03-19 17:05:34,534][pytorch_lightning.utilities.rank_zero][INFO] - HPU available: False, using: 0 HPUs
[2024-03-19 17:06:30,445][pytorch_lightning.accelerators.cuda][INFO] - LOCAL_RANK: 0 - CUDA_VISIBLE_DEVICES: [1]
[2024-03-19 17:06:30,449][pytorch_lightning.callbacks.model_summary][INFO] - 
  | Name               | Type              | Params
---------------------------------------------------------
0 | acoustic_predictor | AcousticPredictor | 171 K 
1 | encoder            | Sequential        | 86.2 K
2 | decoder            | Sequential        | 32.3 K
---------------------------------------------------------
290 K     Trainable params
0         Non-trainable params
290 K     Total params
1.161     Total estimated model params size (MB)
[2024-03-19 19:42:49,794][pytorch_lightning.utilities.rank_zero][INFO] - `Trainer.fit` stopped: `max_epochs=1000` reached.
[2024-03-19 19:42:49,889][pytorch_lightning.utilities.rank_zero][INFO] - Restoring states from the checkpoint path at /homes/o23gauvr/Documents/thèse/code/FASCINATION/outputs/2024-03-19/17-05-30/AE_without_AP_training/4_15/checkpoints/val_loss=0.05-epoch=998.ckpt
[2024-03-19 19:42:49,941][pytorch_lightning.accelerators.cuda][INFO] - LOCAL_RANK: 0 - CUDA_VISIBLE_DEVICES: [1]
[2024-03-19 19:42:49,944][pytorch_lightning.utilities.rank_zero][INFO] - Loaded model weights from the checkpoint at /homes/o23gauvr/Documents/thèse/code/FASCINATION/outputs/2024-03-19/17-05-30/AE_without_AP_training/4_15/checkpoints/val_loss=0.05-epoch=998.ckpt
